Flow report for transmissor
Sun Dec 11 14:51:35 2016
Quartus II 64-Bit Version 15.0.0 Build 145 04/22/2015 SJ Web Edition


---------------------
; Table of Contents ;
---------------------
  1. Legal Notice
  2. Flow Summary
  3. Flow Settings
  4. Flow Non-Default Global Settings
  5. Flow Elapsed Time
  6. Flow OS Summary
  7. Flow Log
  8. Flow Messages
  9. Flow Suppressed Messages



----------------
; Legal Notice ;
----------------
Copyright (C) 1991-2015 Altera Corporation. All rights reserved.
Your use of Altera Corporation's design tools, logic functions 
and other software and tools, and its AMPP partner logic 
functions, and any output files from any of the foregoing 
(including device programming or simulation files), and any 
associated documentation or information are expressly subject 
to the terms and conditions of the Altera Program License 
Subscription Agreement, the Altera Quartus II License Agreement,
the Altera MegaCore Function License Agreement, or other 
applicable license agreement, including, without limitation, 
that your use is for the sole purpose of programming logic 
devices manufactured by Altera and sold by Altera or its 
authorized distributors.  Please refer to the applicable 
agreement for further details.



+---------------------------------------------------------------------------------+
; Flow Summary                                                                    ;
+------------------------------------+--------------------------------------------+
; Flow Status                        ; Successful - Sun Dec 11 14:51:35 2016      ;
; Quartus II 64-Bit Version          ; 15.0.0 Build 145 04/22/2015 SJ Web Edition ;
; Revision Name                      ; transmissor                                ;
; Top-level Entity Name              ; transmissor                                ;
; Family                             ; Cyclone IV E                               ;
; Device                             ; EP4CE22F17C6                               ;
; Timing Models                      ; Final                                      ;
; Total logic elements               ; 57 / 22,320 ( < 1 % )                      ;
;     Total combinational functions  ; 56 / 22,320 ( < 1 % )                      ;
;     Dedicated logic registers      ; 29 / 22,320 ( < 1 % )                      ;
; Total registers                    ; 29                                         ;
; Total pins                         ; 48 / 154 ( 31 % )                          ;
; Total virtual pins                 ; 0                                          ;
; Total memory bits                  ; 0 / 608,256 ( 0 % )                        ;
; Embedded Multiplier 9-bit elements ; 0 / 132 ( 0 % )                            ;
; Total PLLs                         ; 0 / 4 ( 0 % )                              ;
+------------------------------------+--------------------------------------------+


+-----------------------------------------+
; Flow Settings                           ;
+-------------------+---------------------+
; Option            ; Setting             ;
+-------------------+---------------------+
; Start date & time ; 12/11/2016 14:24:06 ;
; Main task         ; Compilation         ;
; Revision Name     ; transmissor         ;
+-------------------+---------------------+


+----------------------------------------------------------------------------------------------------------------------+
; Flow Non-Default Global Settings                                                                                     ;
+-------------------------------------+---------------------------------+---------------+-------------+----------------+
; Assignment Name                     ; Value                           ; Default Value ; Entity Name ; Section Id     ;
+-------------------------------------+---------------------------------+---------------+-------------+----------------+
; COMPILER_SIGNATURE_ID               ; 128437434744839.148147344607664 ; --            ; --          ; --             ;
; EDA_OUTPUT_DATA_FORMAT              ; Vhdl                            ; --            ; --          ; eda_simulation ;
; EDA_SIMULATION_TOOL                 ; ModelSim-Altera (VHDL)          ; <None>        ; --          ; --             ;
; MAX_CORE_JUNCTION_TEMP              ; 85                              ; --            ; --          ; --             ;
; MIN_CORE_JUNCTION_TEMP              ; 0                               ; --            ; --          ; --             ;
; PARTITION_COLOR                     ; 16764057                        ; --            ; --          ; Top            ;
; PARTITION_FITTER_PRESERVATION_LEVEL ; PLACEMENT_AND_ROUTING           ; --            ; --          ; Top            ;
; PARTITION_NETLIST_TYPE              ; SOURCE                          ; --            ; --          ; Top            ;
; PROJECT_OUTPUT_DIRECTORY            ; output_files                    ; --            ; --          ; --             ;
+-------------------------------------+---------------------------------+---------------+-------------+----------------+


+-------------------------------------------------------------------------------------------------------------------------------+
; Flow Elapsed Time                                                                                                             ;
+---------------------------+--------------+-------------------------+---------------------+------------------------------------+
; Module Name               ; Elapsed Time ; Average Processors Used ; Peak Virtual Memory ; Total CPU Time (on all processors) ;
+---------------------------+--------------+-------------------------+---------------------+------------------------------------+
; Analysis & Synthesis      ; 00:00:19     ; 1.0                     ; 731 MB              ; 00:00:46                           ;
; Fitter                    ; 00:00:10     ; 1.0                     ; 1029 MB             ; 00:00:10                           ;
; Assembler                 ; 00:00:02     ; 1.0                     ; 620 MB              ; 00:00:02                           ;
; TimeQuest Timing Analyzer ; 00:00:04     ; 1.0                     ; 709 MB              ; 00:00:03                           ;
; EDA Netlist Writer        ; 00:00:02     ; 1.0                     ; 591 MB              ; 00:00:01                           ;
; EDA Netlist Writer        ; 00:00:01     ; 1.0                     ; 578 MB              ; 00:00:01                           ;
; EDA Netlist Writer        ; 00:00:01     ; 1.0                     ; 582 MB              ; 00:00:01                           ;
; EDA Netlist Writer        ; 00:00:01     ; 1.0                     ; 578 MB              ; 00:00:01                           ;
; EDA Netlist Writer        ; 00:00:00     ; 1.0                     ; 582 MB              ; 00:00:01                           ;
; EDA Netlist Writer        ; 00:00:00     ; 1.0                     ; 578 MB              ; 00:00:01                           ;
; EDA Netlist Writer        ; 00:00:01     ; 1.0                     ; 582 MB              ; 00:00:01                           ;
; EDA Netlist Writer        ; 00:00:00     ; 1.0                     ; 578 MB              ; 00:00:01                           ;
; EDA Netlist Writer        ; 00:00:01     ; 1.0                     ; 582 MB              ; 00:00:01                           ;
; EDA Netlist Writer        ; 00:00:01     ; 1.0                     ; 578 MB              ; 00:00:01                           ;
; EDA Netlist Writer        ; 00:00:01     ; 1.0                     ; 582 MB              ; 00:00:01                           ;
; EDA Netlist Writer        ; 00:00:01     ; 1.0                     ; 578 MB              ; 00:00:01                           ;
; EDA Netlist Writer        ; 00:00:01     ; 1.0                     ; 582 MB              ; 00:00:01                           ;
; EDA Netlist Writer        ; 00:00:01     ; 1.0                     ; 578 MB              ; 00:00:01                           ;
; EDA Netlist Writer        ; 00:00:01     ; 1.0                     ; 582 MB              ; 00:00:01                           ;
; EDA Netlist Writer        ; 00:00:00     ; 1.0                     ; 578 MB              ; 00:00:01                           ;
; EDA Netlist Writer        ; 00:00:01     ; 1.0                     ; 582 MB              ; 00:00:01                           ;
; EDA Netlist Writer        ; 00:00:00     ; 1.0                     ; 578 MB              ; 00:00:01                           ;
; EDA Netlist Writer        ; 00:00:01     ; 1.0                     ; 582 MB              ; 00:00:01                           ;
; EDA Netlist Writer        ; 00:00:01     ; 1.0                     ; 578 MB              ; 00:00:01                           ;
; EDA Netlist Writer        ; 00:00:00     ; 1.0                     ; 582 MB              ; 00:00:01                           ;
; EDA Netlist Writer        ; 00:00:00     ; 1.0                     ; 578 MB              ; 00:00:01                           ;
; EDA Netlist Writer        ; 00:00:01     ; 1.0                     ; 582 MB              ; 00:00:01                           ;
; EDA Netlist Writer        ; 00:00:01     ; 1.0                     ; 578 MB              ; 00:00:01                           ;
; EDA Netlist Writer        ; 00:00:01     ; 1.0                     ; 582 MB              ; 00:00:01                           ;
; EDA Netlist Writer        ; 00:00:00     ; 1.0                     ; 578 MB              ; 00:00:01                           ;
; EDA Netlist Writer        ; 00:00:01     ; 1.0                     ; 582 MB              ; 00:00:01                           ;
; EDA Netlist Writer        ; 00:00:01     ; 1.0                     ; 578 MB              ; 00:00:01                           ;
; EDA Netlist Writer        ; 00:00:00     ; 1.0                     ; 582 MB              ; 00:00:01                           ;
; EDA Netlist Writer        ; 00:00:01     ; 1.0                     ; 578 MB              ; 00:00:01                           ;
; EDA Netlist Writer        ; 00:00:01     ; 1.0                     ; 582 MB              ; 00:00:01                           ;
; EDA Netlist Writer        ; 00:00:01     ; 1.0                     ; 578 MB              ; 00:00:01                           ;
; EDA Netlist Writer        ; 00:00:01     ; 1.0                     ; 582 MB              ; 00:00:01                           ;
; EDA Netlist Writer        ; 00:00:01     ; 1.0                     ; 578 MB              ; 00:00:01                           ;
; EDA Netlist Writer        ; 00:00:01     ; 1.0                     ; 582 MB              ; 00:00:01                           ;
; EDA Netlist Writer        ; 00:00:01     ; 1.0                     ; 578 MB              ; 00:00:01                           ;
; EDA Netlist Writer        ; 00:00:01     ; 1.0                     ; 582 MB              ; 00:00:01                           ;
; Total                     ; 00:01:04     ; --                      ; --                  ; 00:01:38                           ;
+---------------------------+--------------+-------------------------+---------------------+------------------------------------+


+----------------------------------------------------------------------------------------+
; Flow OS Summary                                                                        ;
+---------------------------+------------------+-----------+------------+----------------+
; Module Name               ; Machine Hostname ; OS Name   ; OS Version ; Processor type ;
+---------------------------+------------------+-----------+------------+----------------+
; Analysis & Synthesis      ; Eduardo-N        ; Windows 7 ; 6.2        ; x86_64         ;
; Fitter                    ; Eduardo-N        ; Windows 7 ; 6.2        ; x86_64         ;
; Assembler                 ; Eduardo-N        ; Windows 7 ; 6.2        ; x86_64         ;
; TimeQuest Timing Analyzer ; Eduardo-N        ; Windows 7 ; 6.2        ; x86_64         ;
; EDA Netlist Writer        ; Eduardo-N        ; Windows 7 ; 6.2        ; x86_64         ;
; EDA Netlist Writer        ; Eduardo-N        ; Windows 7 ; 6.2        ; x86_64         ;
; EDA Netlist Writer        ; Eduardo-N        ; Windows 7 ; 6.2        ; x86_64         ;
; EDA Netlist Writer        ; Eduardo-N        ; Windows 7 ; 6.2        ; x86_64         ;
; EDA Netlist Writer        ; Eduardo-N        ; Windows 7 ; 6.2        ; x86_64         ;
; EDA Netlist Writer        ; Eduardo-N        ; Windows 7 ; 6.2        ; x86_64         ;
; EDA Netlist Writer        ; Eduardo-N        ; Windows 7 ; 6.2        ; x86_64         ;
; EDA Netlist Writer        ; Eduardo-N        ; Windows 7 ; 6.2        ; x86_64         ;
; EDA Netlist Writer        ; Eduardo-N        ; Windows 7 ; 6.2        ; x86_64         ;
; EDA Netlist Writer        ; Eduardo-N        ; Windows 7 ; 6.2        ; x86_64         ;
; EDA Netlist Writer        ; Eduardo-N        ; Windows 7 ; 6.2        ; x86_64         ;
; EDA Netlist Writer        ; Eduardo-N        ; Windows 7 ; 6.2        ; x86_64         ;
; EDA Netlist Writer        ; Eduardo-N        ; Windows 7 ; 6.2        ; x86_64         ;
; EDA Netlist Writer        ; Eduardo-N        ; Windows 7 ; 6.2        ; x86_64         ;
; EDA Netlist Writer        ; Eduardo-N        ; Windows 7 ; 6.2        ; x86_64         ;
; EDA Netlist Writer        ; Eduardo-N        ; Windows 7 ; 6.2        ; x86_64         ;
; EDA Netlist Writer        ; Eduardo-N        ; Windows 7 ; 6.2        ; x86_64         ;
; EDA Netlist Writer        ; Eduardo-N        ; Windows 7 ; 6.2        ; x86_64         ;
; EDA Netlist Writer        ; Eduardo-N        ; Windows 7 ; 6.2        ; x86_64         ;
; EDA Netlist Writer        ; Eduardo-N        ; Windows 7 ; 6.2        ; x86_64         ;
; EDA Netlist Writer        ; Eduardo-N        ; Windows 7 ; 6.2        ; x86_64         ;
; EDA Netlist Writer        ; Eduardo-N        ; Windows 7 ; 6.2        ; x86_64         ;
; EDA Netlist Writer        ; Eduardo-N        ; Windows 7 ; 6.2        ; x86_64         ;
; EDA Netlist Writer        ; Eduardo-N        ; Windows 7 ; 6.2        ; x86_64         ;
; EDA Netlist Writer        ; Eduardo-N        ; Windows 7 ; 6.2        ; x86_64         ;
; EDA Netlist Writer        ; Eduardo-N        ; Windows 7 ; 6.2        ; x86_64         ;
; EDA Netlist Writer        ; Eduardo-N        ; Windows 7 ; 6.2        ; x86_64         ;
; EDA Netlist Writer        ; Eduardo-N        ; Windows 7 ; 6.2        ; x86_64         ;
; EDA Netlist Writer        ; Eduardo-N        ; Windows 7 ; 6.2        ; x86_64         ;
; EDA Netlist Writer        ; Eduardo-N        ; Windows 7 ; 6.2        ; x86_64         ;
; EDA Netlist Writer        ; Eduardo-N        ; Windows 7 ; 6.2        ; x86_64         ;
; EDA Netlist Writer        ; Eduardo-N        ; Windows 7 ; 6.2        ; x86_64         ;
; EDA Netlist Writer        ; Eduardo-N        ; Windows 7 ; 6.2        ; x86_64         ;
; EDA Netlist Writer        ; Eduardo-N        ; Windows 7 ; 6.2        ; x86_64         ;
; EDA Netlist Writer        ; Eduardo-N        ; Windows 7 ; 6.2        ; x86_64         ;
; EDA Netlist Writer        ; Eduardo-N        ; Windows 7 ; 6.2        ; x86_64         ;
; EDA Netlist Writer        ; Eduardo-N        ; Windows 7 ; 6.2        ; x86_64         ;
+---------------------------+------------------+-----------+------------+----------------+


------------
; Flow Log ;
------------
quartus_map --read_settings_files=on --write_settings_files=off transmissor -c transmissor
quartus_fit --read_settings_files=off --write_settings_files=off transmissor -c transmissor
quartus_asm --read_settings_files=off --write_settings_files=off transmissor -c transmissor
quartus_sta transmissor -c transmissor
quartus_eda --read_settings_files=off --write_settings_files=off transmissor -c transmissor
quartus_eda --gen_testbench --check_outputs=on --tool=modelsim_oem --format=verilog --write_settings_files=off transmissor -c transmissor --vector_source=C:/Users/Eduardo/Desktop/CR/Transmissor/Waveform.vwf --testbench_file=C:/Users/Eduardo/Desktop/CR/Transmissor/simulation/qsim/Waveform.vwf.vt
quartus_eda --write_settings_files=off --functional=on --flatten_buses=off --simulation=on --tool=modelsim_oem --format=verilog --output_directory=C:/Users/Eduardo/Desktop/CR/Transmissor/simulation/qsim/ transmissor -c transmissor
quartus_eda --gen_testbench --check_outputs=on --tool=modelsim_oem --format=verilog --write_settings_files=off transmissor -c transmissor --vector_source=C:/Users/Eduardo/Desktop/CR/Transmissor/Waveform.vwf --testbench_file=C:/Users/Eduardo/Desktop/CR/Transmissor/simulation/qsim/Waveform.vwf.vt
quartus_eda --write_settings_files=off --functional=on --flatten_buses=off --simulation=on --tool=modelsim_oem --format=verilog --output_directory=C:/Users/Eduardo/Desktop/CR/Transmissor/simulation/qsim/ transmissor -c transmissor
quartus_eda --gen_testbench --check_outputs=on --tool=modelsim_oem --format=verilog --write_settings_files=off transmissor -c transmissor --vector_source=C:/Users/Eduardo/Desktop/CR/Transmissor/Waveform.vwf --testbench_file=C:/Users/Eduardo/Desktop/CR/Transmissor/simulation/qsim/Waveform.vwf.vt
quartus_eda --write_settings_files=off --functional=on --flatten_buses=off --simulation=on --tool=modelsim_oem --format=verilog --output_directory=C:/Users/Eduardo/Desktop/CR/Transmissor/simulation/qsim/ transmissor -c transmissor
quartus_eda --gen_testbench --check_outputs=on --tool=modelsim_oem --format=verilog --write_settings_files=off transmissor -c transmissor --vector_source=C:/Users/Eduardo/Desktop/CR/Transmissor/Waveform.vwf --testbench_file=C:/Users/Eduardo/Desktop/CR/Transmissor/simulation/qsim/Waveform.vwf.vt
quartus_eda --write_settings_files=off --functional=on --flatten_buses=off --simulation=on --tool=modelsim_oem --format=verilog --output_directory=C:/Users/Eduardo/Desktop/CR/Transmissor/simulation/qsim/ transmissor -c transmissor
quartus_eda --gen_testbench --check_outputs=on --tool=modelsim_oem --format=verilog --write_settings_files=off transmissor -c transmissor --vector_source=C:/Users/Eduardo/Desktop/CR/Transmissor/Waveform.vwf --testbench_file=C:/Users/Eduardo/Desktop/CR/Transmissor/simulation/qsim/Waveform.vwf.vt
quartus_eda --write_settings_files=off --functional=on --flatten_buses=off --simulation=on --tool=modelsim_oem --format=verilog --output_directory=C:/Users/Eduardo/Desktop/CR/Transmissor/simulation/qsim/ transmissor -c transmissor
quartus_eda --gen_testbench --check_outputs=on --tool=modelsim_oem --format=verilog --write_settings_files=off transmissor -c transmissor --vector_source=C:/Users/Eduardo/Desktop/CR/Transmissor/Waveform.vwf --testbench_file=C:/Users/Eduardo/Desktop/CR/Transmissor/simulation/qsim/Waveform.vwf.vt
quartus_eda --write_settings_files=off --functional=on --flatten_buses=off --simulation=on --tool=modelsim_oem --format=verilog --output_directory=C:/Users/Eduardo/Desktop/CR/Transmissor/simulation/qsim/ transmissor -c transmissor
quartus_eda --gen_testbench --check_outputs=on --tool=modelsim_oem --format=verilog --write_settings_files=off transmissor -c transmissor --vector_source=C:/Users/Eduardo/Desktop/CR/Transmissor/Waveform.vwf --testbench_file=C:/Users/Eduardo/Desktop/CR/Transmissor/simulation/qsim/Waveform.vwf.vt
quartus_eda --write_settings_files=off --functional=on --flatten_buses=off --simulation=on --tool=modelsim_oem --format=verilog --output_directory=C:/Users/Eduardo/Desktop/CR/Transmissor/simulation/qsim/ transmissor -c transmissor
quartus_eda --gen_testbench --check_outputs=on --tool=modelsim_oem --format=verilog --write_settings_files=off transmissor -c transmissor --vector_source=C:/Users/Eduardo/Desktop/CR/Transmissor/Waveform.vwf --testbench_file=C:/Users/Eduardo/Desktop/CR/Transmissor/simulation/qsim/Waveform.vwf.vt
quartus_eda --write_settings_files=off --functional=on --flatten_buses=off --simulation=on --tool=modelsim_oem --format=verilog --output_directory=C:/Users/Eduardo/Desktop/CR/Transmissor/simulation/qsim/ transmissor -c transmissor
quartus_eda --gen_testbench --check_outputs=on --tool=modelsim_oem --format=verilog --write_settings_files=off transmissor -c transmissor --vector_source=C:/Users/Eduardo/Desktop/CR/Transmissor/Waveform.vwf --testbench_file=C:/Users/Eduardo/Desktop/CR/Transmissor/simulation/qsim/Waveform.vwf.vt
quartus_eda --write_settings_files=off --functional=on --flatten_buses=off --simulation=on --tool=modelsim_oem --format=verilog --output_directory=C:/Users/Eduardo/Desktop/CR/Transmissor/simulation/qsim/ transmissor -c transmissor
quartus_eda --gen_testbench --check_outputs=on --tool=modelsim_oem --format=verilog --write_settings_files=off transmissor -c transmissor --vector_source=C:/Users/Eduardo/Desktop/CR/Transmissor/Waveform.vwf --testbench_file=C:/Users/Eduardo/Desktop/CR/Transmissor/simulation/qsim/Waveform.vwf.vt
quartus_eda --write_settings_files=off --functional=on --flatten_buses=off --simulation=on --tool=modelsim_oem --format=verilog --output_directory=C:/Users/Eduardo/Desktop/CR/Transmissor/simulation/qsim/ transmissor -c transmissor
quartus_eda --gen_testbench --check_outputs=on --tool=modelsim_oem --format=verilog --write_settings_files=off transmissor -c transmissor --vector_source=C:/Users/Eduardo/Desktop/CR/Transmissor/Waveform.vwf --testbench_file=C:/Users/Eduardo/Desktop/CR/Transmissor/simulation/qsim/Waveform.vwf.vt
quartus_eda --write_settings_files=off --functional=on --flatten_buses=off --simulation=on --tool=modelsim_oem --format=verilog --output_directory=C:/Users/Eduardo/Desktop/CR/Transmissor/simulation/qsim/ transmissor -c transmissor
quartus_eda --gen_testbench --check_outputs=on --tool=modelsim_oem --format=verilog --write_settings_files=off transmissor -c transmissor --vector_source=C:/Users/Eduardo/Desktop/CR/Transmissor/Waveform.vwf --testbench_file=C:/Users/Eduardo/Desktop/CR/Transmissor/simulation/qsim/Waveform.vwf.vt
quartus_eda --write_settings_files=off --functional=on --flatten_buses=off --simulation=on --tool=modelsim_oem --format=verilog --output_directory=C:/Users/Eduardo/Desktop/CR/Transmissor/simulation/qsim/ transmissor -c transmissor
quartus_eda --gen_testbench --check_outputs=on --tool=modelsim_oem --format=verilog --write_settings_files=off transmissor -c transmissor --vector_source=C:/Users/Eduardo/Desktop/CR/Transmissor/Waveform.vwf --testbench_file=C:/Users/Eduardo/Desktop/CR/Transmissor/simulation/qsim/Waveform.vwf.vt
quartus_eda --write_settings_files=off --functional=on --flatten_buses=off --simulation=on --tool=modelsim_oem --format=verilog --output_directory=C:/Users/Eduardo/Desktop/CR/Transmissor/simulation/qsim/ transmissor -c transmissor
quartus_eda --gen_testbench --check_outputs=on --tool=modelsim_oem --format=verilog --write_settings_files=off transmissor -c transmissor --vector_source=C:/Users/Eduardo/Desktop/CR/Transmissor/Waveform.vwf --testbench_file=C:/Users/Eduardo/Desktop/CR/Transmissor/simulation/qsim/Waveform.vwf.vt
quartus_eda --write_settings_files=off --functional=on --flatten_buses=off --simulation=on --tool=modelsim_oem --format=verilog --output_directory=C:/Users/Eduardo/Desktop/CR/Transmissor/simulation/qsim/ transmissor -c transmissor
quartus_eda --gen_testbench --check_outputs=on --tool=modelsim_oem --format=verilog --write_settings_files=off transmissor -c transmissor --vector_source=C:/Users/Eduardo/Desktop/CR/Transmissor/Waveform.vwf --testbench_file=C:/Users/Eduardo/Desktop/CR/Transmissor/simulation/qsim/Waveform.vwf.vt
quartus_eda --write_settings_files=off --functional=on --flatten_buses=off --simulation=on --tool=modelsim_oem --format=verilog --output_directory=C:/Users/Eduardo/Desktop/CR/Transmissor/simulation/qsim/ transmissor -c transmissor
quartus_eda --gen_testbench --check_outputs=on --tool=modelsim_oem --format=verilog --write_settings_files=off transmissor -c transmissor --vector_source=C:/Users/Eduardo/Desktop/CR/Transmissor/Waveform.vwf --testbench_file=C:/Users/Eduardo/Desktop/CR/Transmissor/simulation/qsim/Waveform.vwf.vt
quartus_eda --write_settings_files=off --functional=on --flatten_buses=off --simulation=on --tool=modelsim_oem --format=verilog --output_directory=C:/Users/Eduardo/Desktop/CR/Transmissor/simulation/qsim/ transmissor -c transmissor
quartus_eda --gen_testbench --check_outputs=on --tool=modelsim_oem --format=verilog --write_settings_files=off transmissor -c transmissor --vector_source=C:/Users/Eduardo/Desktop/CR/Transmissor/Waveform.vwf --testbench_file=C:/Users/Eduardo/Desktop/CR/Transmissor/simulation/qsim/Waveform.vwf.vt
quartus_eda --write_settings_files=off --functional=on --flatten_buses=off --simulation=on --tool=modelsim_oem --format=verilog --output_directory=C:/Users/Eduardo/Desktop/CR/Transmissor/simulation/qsim/ transmissor -c transmissor
quartus_eda --gen_testbench --check_outputs=on --tool=modelsim_oem --format=verilog --write_settings_files=off transmissor -c transmissor --vector_source=C:/Users/Eduardo/Desktop/CR/Transmissor/Waveform.vwf --testbench_file=C:/Users/Eduardo/Desktop/CR/Transmissor/simulation/qsim/Waveform.vwf.vt
quartus_eda --write_settings_files=off --functional=on --flatten_buses=off --simulation=on --tool=modelsim_oem --format=verilog --output_directory=C:/Users/Eduardo/Desktop/CR/Transmissor/simulation/qsim/ transmissor -c transmissor



